<?xml version="1.0" encoding="UTF-8"?>
<!-- Generated by org.testng.reporters.JUnitReportReporter -->
<testsuite hostname="QQSPLEKLTP0198" failures="0" tests="1" name="com.practiceSelenium.AmazonRunner" time="1.508" errors="0" timestamp="2024-09-19T19:55:16 IST" skipped="0">
  <testcase classname="com.practiceSelenium.AmazonRunner" name="loginValidation" time="1.508"/>
</testsuite> <!-- com.practiceSelenium.AmazonRunner -->
