<?xml version="1.0" encoding="UTF-8"?>
<!-- Generated by org.testng.reporters.JUnitReportReporter -->
<testsuite hostname="QQSPLEKLTP0198" failures="0" tests="3" name="com.practiceSelenium.CrossBrowser" time="15.400" errors="0" timestamp="2024-09-17T13:10:11 IST" skipped="0">
  <testcase classname="com.practiceSelenium.CrossBrowser" name="launchEdge" time="4.322"/>
  <testcase classname="com.practiceSelenium.CrossBrowser" name="launchChrome" time="5.958"/>
  <testcase classname="com.practiceSelenium.CrossBrowser" name="launchFirefox" time="5.120"/>
</testsuite> <!-- com.practiceSelenium.CrossBrowser -->
