<?xml version="1.0" encoding="UTF-8"?>
<!-- Generated by org.testng.reporters.JUnitReportReporter -->
<testsuite hostname="QQSPLEKLTP0198" failures="0" tests="4" name="com.practiceSelenium.GroupingTestNg" time="0.014" errors="0" timestamp="2024-09-20T22:44:06 IST" skipped="0">
  <testcase classname="com.practiceSelenium.GroupingTestNg" name="chicken" time="0.009"/>
  <testcase classname="com.practiceSelenium.GroupingTestNg" name="rice" time="0.001"/>
  <testcase classname="com.practiceSelenium.GroupingTestNg" name="mutton" time="0.001"/>
  <testcase classname="com.practiceSelenium.GroupingTestNg" name="idly" time="0.003"/>
</testsuite> <!-- com.practiceSelenium.GroupingTestNg -->
